<?xml version="1.0" encoding="UTF-8"?>
<testng-results ignored="0" total="3" passed="3" failed="0" skipped="0">
  <reporter-output>
  </reporter-output>
  <suite started-at="2023-02-15T12:37:00 IST" name="Suite" finished-at="2023-02-15T12:37:20 IST" duration-ms="20774">
    <groups>
    </groups>
    <test started-at="2023-02-15T12:37:00 IST" name="Test" finished-at="2023-02-15T12:37:20 IST" duration-ms="20774">
      <class name="NAvigat.classnavigate">
        <test-method is-config="true" signature="setUp()[pri:0, instance:NAvigat.classnavigate@f5ac9e4]" started-at="2023-02-15T12:37:00 IST" name="setUp" finished-at="2023-02-15T12:37:12 IST" duration-ms="12133" status="PASS">
          <reporter-output>
          </reporter-output>
        </test-method> <!-- setUp -->
        <test-method is-config="true" signature="dressUrl()[pri:0, instance:NAvigat.classnavigate@f5ac9e4]" started-at="2023-02-15T12:37:12 IST" name="dressUrl" finished-at="2023-02-15T12:37:20 IST" duration-ms="7941" status="PASS">
          <reporter-output>
          </reporter-output>
        </test-method> <!-- dressUrl -->
        <test-method signature="a1()[pri:0, instance:NAvigat.classnavigate@f5ac9e4]" started-at="2023-02-15T12:37:20 IST" name="a1" finished-at="2023-02-15T12:37:20 IST" duration-ms="54" status="PASS">
          <reporter-output>
          </reporter-output>
        </test-method> <!-- a1 -->
        <test-method signature="a2()[pri:0, instance:NAvigat.classnavigate@f5ac9e4]" started-at="2023-02-15T12:37:20 IST" name="a2" finished-at="2023-02-15T12:37:20 IST" duration-ms="17" status="PASS">
          <reporter-output>
          </reporter-output>
        </test-method> <!-- a2 -->
        <test-method signature="a3()[pri:0, instance:NAvigat.classnavigate@f5ac9e4]" started-at="2023-02-15T12:37:20 IST" name="a3" finished-at="2023-02-15T12:37:20 IST" duration-ms="77" status="PASS">
          <reporter-output>
          </reporter-output>
        </test-method> <!-- a3 -->
        <test-method is-config="true" signature="closeBrowser()[pri:0, instance:NAvigat.classnavigate@f5ac9e4]" started-at="2023-02-15T12:37:20 IST" name="closeBrowser" finished-at="2023-02-15T12:37:20 IST" duration-ms="451" status="PASS">
          <reporter-output>
          </reporter-output>
        </test-method> <!-- closeBrowser -->
      </class> <!-- NAvigat.classnavigate -->
    </test> <!-- Test -->
  </suite> <!-- Suite -->
</testng-results>
