<?xml version="1.0" encoding="UTF-8"?>
<!-- Generated by org.testng.reporters.JUnitXMLReporter -->
<testsuite ignored="0" hostname="DESKTOP-NTERQ21" failures="0" tests="3" name="Default test" time="20.844" errors="0" timestamp="2023-01-28T12:51:36 IST">
  <testcase classname="NAvigat.classnavigate" name="a1" time="0.036"/>
  <testcase classname="NAvigat.classnavigate" name="a2" time="0.028"/>
  <testcase classname="NAvigat.classnavigate" name="a3" time="0.184"/>
</testsuite> <!-- Default test -->
